<?xml version="1.0" encoding="UTF-8"?>
<!-- Generated by org.testng.reporters.JUnitReportReporter -->
<testsuite hostname="Preetijaiswal-IT" failures="0" tests="2" name="Bankit.Mavenjava.AppiumTest" time="0.006" errors="0" timestamp="2022-01-01T23:53:49 IST" skipped="0">
  <testcase classname="Bankit.Mavenjava.AppiumTest" name="FirstApp" time="0.005"/>
  <system-out/>
  <testcase classname="Bankit.Mavenjava.AppiumTest" name="SecondApp" time="0.001"/>
  <system-out/>
</testsuite> <!-- Bankit.Mavenjava.AppiumTest -->
