<?xml version="1.0" encoding="UTF-8"?>
<!-- Generated by org.testng.reporters.JUnitReportReporter -->
<testsuite hostname="Preetijaiswal-IT" failures="0" tests="2" name="Bankit.Mavenjava.RestAssured" time="0.002" errors="0" timestamp="2022-01-01T23:53:49 IST" skipped="0">
  <testcase classname="Bankit.Mavenjava.RestAssured" name="IOApp1" time="0.001"/>
  <system-out/>
  <testcase classname="Bankit.Mavenjava.RestAssured" name="IOApp" time="0.001"/>
  <system-out/>
</testsuite> <!-- Bankit.Mavenjava.RestAssured -->
