<?xml version="1.0" encoding="UTF-8"?>
<!-- Generated by org.testng.reporters.JUnitReportReporter -->
<testsuite hostname="Preetijaiswal-IT" failures="0" tests="3" name="com.ro.qa.testcase.LoginPageTest" time="35.057" errors="0" timestamp="2022-04-06T11:08:58 IST" skipped="0">
  <testcase classname="com.ro.qa.testcase.LoginPageTest" name="bankitLogoTest" time="8.802"/>
  <system-out/>
  <testcase classname="com.ro.qa.testcase.LoginPageTest" name="validateTitleTest" time="6.667"/>
  <system-out/>
  <testcase classname="com.ro.qa.testcase.LoginPageTest" name="loginTest" time="19.588"/>
  <system-out/>
</testsuite> <!-- com.ro.qa.testcase.LoginPageTest -->
