<?xml version="1.0" encoding="UTF-8"?>
<!-- Generated by org.testng.reporters.JUnitReportReporter -->
<testsuite hostname="Preetijaiswal-IT" failures="0" tests="1" name="TestClass1" time="0.030" errors="0" timestamp="2022-09-22T14:16:29 IST" skipped="0">
  <testcase classname="TestClass1" name="testCase1" time="0.030"/>
  <system-out/>
</testsuite> <!-- TestClass1 -->
