<?xml version="1.0" encoding="UTF-8"?>
<!-- Generated by org.testng.reporters.JUnitReportReporter -->
<testsuite hostname="Preetijaiswal-IT" failures="0" tests="1" name="extent_professional.Registration" time="0.002" errors="0" timestamp="2022-01-08T12:10:06 IST" skipped="0">
  <testcase classname="extent_professional.Registration" name="Testing" time="0.002"/>
  <system-out/>
</testsuite> <!-- extent_professional.Registration -->
