<?xml version="1.0" encoding="UTF-8"?>
<!-- Generated by org.testng.reporters.JUnitReportReporter -->
<testsuite hostname="Preetijaiswal-IT" failures="0" tests="1" name="Test.ExtentReport.ExtentDemo" time="3.533" errors="0" timestamp="2022-01-06T14:58:43 IST" skipped="0">
  <testcase classname="Test.ExtentReport.ExtentDemo" name="initialDemo" time="3.533"/>
  <system-out/>
</testsuite> <!-- Test.ExtentReport.ExtentDemo -->
