<?xml version="1.0" encoding="UTF-8"?>
<!-- Generated by org.testng.reporters.JUnitReportReporter -->
<testsuite hostname="Preetijaiswal-IT" failures="0" tests="1" name="BasicLevel.ExtentTest" time="0.577" errors="0" timestamp="2022-01-07T12:59:39 IST" skipped="0">
  <testcase classname="BasicLevel.ExtentTest" name="initalTest" time="0.577"/>
  <system-out/>
</testsuite> <!-- BasicLevel.ExtentTest -->
