<?xml version="1.0" encoding="UTF-8"?>
<!-- Generated by org.testng.reporters.JUnitReportReporter -->
<testsuite hostname="Preetijaiswal-IT" failures="0" tests="1" name="extent_professional.LoginTest1" time="0.004" errors="0" timestamp="2022-01-08T12:10:06 IST" skipped="0">
  <testcase classname="extent_professional.LoginTest1" name="Testing" time="0.004"/>
  <system-out/>
</testsuite> <!-- extent_professional.LoginTest1 -->
