<?xml version="1.0" encoding="UTF-8"?>
<!-- Generated by org.testng.reporters.JUnitReportReporter -->
<testsuite hostname="Preetijaiswal-IT" failures="0" tests="2" name="com.testcase.AremitTestRunner" time="44.244" errors="0" timestamp="2023-07-23T23:03:06 IST" skipped="0">
  <testcase classname="com.testcase.AremitTestRunner" name="AremitSenderReg" time="17.367"/>
  <system-out/>
  <testcase classname="com.testcase.AremitTestRunner" name="addRecip" time="26.877"/>
  <system-out/>
</testsuite> <!-- com.testcase.AremitTestRunner -->
