<?xml version="1.0" encoding="UTF-8"?>
<!-- Generated by org.testng.reporters.JUnitReportReporter -->
<testsuite hostname="Preetijaiswal-IT" failures="0" tests="3" name="com.testcase.HomePageTest" time="195.221" errors="0" timestamp="2023-07-23T13:19:58 IST" skipped="0">
  <testcase classname="com.testcase.HomePageTest" name="crossPopup" time="56.628"/>
  <system-out/>
  <testcase classname="com.testcase.HomePageTest" name="clickDMT" time="68.553"/>
  <system-out/>
  <testcase classname="com.testcase.HomePageTest" name="aremit" time="70.040"/>
  <system-out/>
</testsuite> <!-- com.testcase.HomePageTest -->
