<?xml version="1.0" encoding="UTF-8"?>
<!-- Generated by org.testng.reporters.JUnitReportReporter -->
<testsuite hostname="Preetijaiswal-IT" failures="0" tests="2" name="com.testcase.LoginTestRunner" time="38.394" errors="0" timestamp="2023-07-22T17:16:45 IST" skipped="0">
  <testcase classname="com.testcase.LoginTestRunner" name="checkLogo" time="7.112"/>
  <system-out/>
  <testcase classname="com.testcase.LoginTestRunner" name="login" time="31.282"/>
  <system-out/>
</testsuite> <!-- com.testcase.LoginTestRunner -->
