<?xml version="1.0" encoding="UTF-8"?>
<!-- Generated by org.testng.reporters.JUnitReportReporter -->
<testsuite hostname="Preetijaiswal-IT" failures="0" tests="2" name="com.testcase.singlton.TestCase" time="1.733" errors="0" timestamp="2022-04-13T22:47:09 IST" skipped="0">
  <testcase classname="com.testcase.singlton.TestCase" name="loginTest" time="1.704"/>
  <system-out/>
  <testcase classname="com.testcase.singlton.TestCase" name="verifyTitle" time="0.029"/>
  <system-out/>
</testsuite> <!-- com.testcase.singlton.TestCase -->
