<?xml version="1.0" encoding="UTF-8"?>
<!-- Generated by org.testng.reporters.JUnitReportReporter -->
<testsuite hostname="Preetijaiswal-IT" failures="0" tests="1" name="com.qrcode.QRCodeTest" time="6.748" errors="0" timestamp="2022-04-13T23:46:36 IST" skipped="0">
  <testcase classname="com.qrcode.QRCodeTest" name="Qrcode" time="6.748"/>
  <system-out/>
</testsuite> <!-- com.qrcode.QRCodeTest -->
