<?xml version="1.0" encoding="UTF-8"?>
<!-- Generated by org.testng.reporters.JUnitReportReporter -->
<testsuite hostname="Preetijaiswal-IT" failures="0" tests="1" name="com.pdfreader.PreetiResumePDFRead" time="3.003" errors="0" timestamp="2022-04-14T11:06:44 IST" skipped="0">
  <testcase classname="com.pdfreader.PreetiResumePDFRead" name="pdfContentDemo" time="3.003"/>
  <system-out/>
</testsuite> <!-- com.pdfreader.PreetiResumePDFRead -->
