<?xml version="1.0" encoding="UTF-8"?>
<!-- Generated by org.testng.reporters.JUnitReportReporter -->
<testsuite hostname="Preetijaiswal-IT" failures="0" tests="1" name="com.ro.qa.testcase.HomePageTest" time="23.046" errors="0" timestamp="2022-04-04T23:44:52 IST" skipped="0">
  <testcase classname="com.ro.qa.testcase.HomePageTest" name="verifyCardPage" time="23.046"/>
  <system-out/>
</testsuite> <!-- com.ro.qa.testcase.HomePageTest -->
