<?xml version="1.0" encoding="UTF-8"?>
<!-- Generated by org.testng.reporters.JUnitReportReporter -->
<testsuite hostname="Preetijaiswal-IT" failures="0" tests="1" name="com.ro.qa.hashmapconcept.AgentPortalTest" time="30.126" errors="0" timestamp="2022-04-11T22:08:26 IST" skipped="0">
  <testcase classname="com.ro.qa.hashmapconcept.AgentPortalTest" name="checkCredential" time="30.126"/>
  <system-out/>
</testsuite> <!-- com.ro.qa.hashmapconcept.AgentPortalTest -->
