<?xml version="1.0" encoding="UTF-8"?>
<!-- Generated by org.testng.reporters.JUnitReportReporter -->
<testsuite hostname="Preetijaiswal-IT" failures="0" tests="2" name="com.ro.qa.testcase.DMTAremitTest" time="24.031" errors="0" timestamp="2022-04-03T16:39:28 IST" skipped="0">
  <testcase classname="com.ro.qa.testcase.DMTAremitTest" name="AremitTransaction" time="14.076"/>
  <system-out/>
  <testcase classname="com.ro.qa.testcase.DMTAremitTest" name="AremitTransaction" time="9.955"/>
  <system-out/>
</testsuite> <!-- com.ro.qa.testcase.DMTAremitTest -->
