<?xml version="1.0" encoding="UTF-8"?>
<!-- Generated by org.testng.reporters.JUnitReportReporter -->
<testsuite hostname="Preetijaiswal-IT" failures="0" tests="1" name="MyTestDemo" time="15.250" errors="0" timestamp="2022-04-15T13:21:44 IST" skipped="0">
  <testcase classname="MyTestDemo" name="browserRecord" time="15.250"/>
  <system-out/>
</testsuite> <!-- MyTestDemo -->
