<?xml version="1.0" encoding="UTF-8"?>
<!-- Generated by org.testng.reporters.JUnitReportReporter -->
<testsuite hostname="Preetijaiswal-IT" failures="0" tests="2" name="Logintest" time="0.014" errors="0" timestamp="2022-02-05T14:12:20 IST" skipped="0">
  <testcase classname="Logintest" name="firstCase" time="0.013"/>
  <system-out/>
  <testcase classname="Logintest" name="SecondCase" time="0.001"/>
  <system-out/>
</testsuite> <!-- Logintest -->
