<?xml version="1.0" encoding="UTF-8"?>
<!-- Generated by org.testng.reporters.JUnitReportReporter -->
<testsuite hostname="Preetijaiswal-IT" failures="0" tests="1" name="VerifyTitle" time="8.636" errors="0" timestamp="2022-02-05T14:55:49 IST" skipped="0">
  <testcase classname="VerifyTitle" name="Titlepage" time="8.636"/>
  <system-out/>
</testsuite> <!-- VerifyTitle -->
