<?xml version="1.0" encoding="UTF-8"?>
<!-- Generated by org.testng.reporters.JUnitReportReporter -->
<testsuite hostname="Preetijaiswal-IT" failures="0" tests="2" name="test.Edge" time="58.814" errors="0" timestamp="2023-03-24T00:19:42 IST" skipped="0">
  <testcase classname="test.Edge" name="loginThree" time="37.170"/>
  <system-out/>
  <testcase classname="test.Edge" name="loginThree" time="21.644"/>
  <system-out/>
</testsuite> <!-- test.Edge -->
