<?xml version="1.0" encoding="UTF-8"?>
<!-- Generated by org.testng.reporters.JUnitReportReporter -->
<testsuite hostname="Preetijaiswal-IT" failures="0" tests="2" name="test.FireFox" time="64.129" errors="0" timestamp="2023-03-24T00:19:42 IST" skipped="0">
  <testcase classname="test.FireFox" name="loginTwo" time="24.615"/>
  <system-out/>
  <testcase classname="test.FireFox" name="loginTwo" time="39.514"/>
  <system-out/>
</testsuite> <!-- test.FireFox -->
