<?xml version="1.0" encoding="UTF-8"?>
<!-- Generated by org.testng.reporters.JUnitReportReporter -->
<testsuite hostname="Preetijaiswal-IT" failures="0" tests="2" name="testparameter.ParameterXMLThreadLocal" time="29.488" errors="0" timestamp="2023-03-26T18:44:20 IST" skipped="0">
  <testcase classname="testparameter.ParameterXMLThreadLocal" name="launchBrowser" time="14.042"/>
  <system-out/>
  <testcase classname="testparameter.ParameterXMLThreadLocal" name="launchBrowser" time="15.446"/>
  <system-out/>
</testsuite> <!-- testparameter.ParameterXMLThreadLocal -->
