<?xml version="1.0" encoding="UTF-8"?>
<!-- Generated by org.testng.reporters.JUnitReportReporter -->
<testsuite hostname="Preetijaiswal-IT" failures="0" tests="1" name="utilitity.ExcelReader" time="7.931" errors="0" timestamp="2023-05-05T00:28:49 IST" skipped="0">
  <testcase classname="utilitity.ExcelReader" name="RentPayment" time="7.931"/>
  <system-out/>
</testsuite> <!-- utilitity.ExcelReader -->
