<?xml version="1.0" encoding="UTF-8"?>
<!-- Generated by org.testng.reporters.JUnitReportReporter -->
<testsuite hostname="Preetijaiswal-IT" failures="0" tests="1" name="testcase.LoginTest" time="16.841" errors="0" timestamp="2023-05-05T00:28:49 IST" skipped="0">
  <testcase classname="testcase.LoginTest" name="login" time="16.841"/>
  <system-out>
    <![CDATA[<br>Verification Failure expected [xyz] but found [abc]
<a  target="_blank" href=Fri_May_05_00_28_23_IST_2023.png> <img src=Fri_May_05_00_28_23_IST_2023.png height=200 width=300> </img></a>
<br>
<br>
Login Successfully]]>
  </system-out>
</testsuite> <!-- testcase.LoginTest -->
