<?xml version="1.0" encoding="UTF-8"?>
<!-- Generated by org.testng.reporters.JUnitReportReporter -->
<testsuite hostname="Preetijaiswal-IT" failures="0" tests="1" name="com.FBTest" time="4.592" errors="0" timestamp="2022-03-10T12:48:16 IST" skipped="0">
  <testcase classname="com.FBTest" name="FbTitle" time="4.592"/>
  <system-out/>
</testsuite> <!-- com.FBTest -->
